#
# There is insufficient memory for the Java Runtime Environment to continue.
# Native memory allocation (mmap) failed to map 134217728 bytes for Failed to commit area from 0x0000000081600000 to 0x0000000089600000 of length 134217728.
# Possible reasons:
#   The system is out of physical RAM or swap space
#   The process is running with CompressedOops enabled, and the Java Heap may be blocking the growth of the native heap
# Possible solutions:
#   Reduce memory load on the system
#   Increase physical memory or swap space
#   Check if swap backing store is full
#   Decrease Java heap size (-Xmx/-Xms)
#   Decrease number of Java threads
#   Decrease Java thread stack sizes (-Xss)
#   Set larger code cache with -XX:ReservedCodeCacheSize=
# This output file may be truncated or incomplete.
#
#  Out of Memory Error (./src/hotspot/os/windows/os_windows.cpp:3301), pid=9916, tid=12056
#
# JRE version:  (11.0.10+9) (build )
# Java VM: Dynamic Code Evolution 64-Bit Server VM (11.0.10+9-b1341.35, mixed mode, sharing, tiered, compressed oops, g1 gc, windows-amd64)
# No core dump will be written. Minidumps are not enabled by default on client versions of Windows
#

---------------  S U M M A R Y ------------

Command Line: org.jetbrains.git4idea.http.GitAskPassApp Username for 'https://github.com': 

Host: Intel(R) Core(TM) i5-2410M CPU @ 2.30GHz, 4 cores, 7G,  Windows 10 , 64 bit Build 19041 (10.0.19041.928)
Time: Mon May  3 05:54:58 2021 RTZ 2 (зима) elapsed time: 0.016981 seconds (0d 0h 0m 0s)

---------------  T H R E A D  ---------------

Current thread (0x000001305c57a800):  JavaThread "Unknown thread" [_thread_in_vm, id=12056, stack(0x0000001958700000,0x0000001958800000)]

Stack: [0x0000001958700000,0x0000001958800000]
Native frames: (J=compiled Java code, j=interpreted, Vv=VM code, C=native code)
V  [jvm.dll+0x5f84fa]
V  [jvm.dll+0x77e085]
V  [jvm.dll+0x77f5dd]
V  [jvm.dll+0x77fc93]
V  [jvm.dll+0x2457e8]
V  [jvm.dll+0x5f58f4]
V  [jvm.dll+0x5ea975]
V  [jvm.dll+0x30228b]
V  [jvm.dll+0x3021fa]
V  [jvm.dll+0x3020d2]
V  [jvm.dll+0x306fb6]
V  [jvm.dll+0x34f843]
V  [jvm.dll+0x34ff46]
V  [jvm.dll+0x34f943]
V  [jvm.dll+0x2dbcb8]
V  [jvm.dll+0x2dce57]
V  [jvm.dll+0x75c4d7]
V  [jvm.dll+0x75dd6c]
V  [jvm.dll+0x35cdb9]
V  [jvm.dll+0x73fc9e]
V  [jvm.dll+0x3c5663]
V  [jvm.dll+0x3c7a21]
C  [jli.dll+0x5373]
C  [ucrtbase.dll+0x21bb2]
C  [KERNEL32.DLL+0x17034]
C  [ntdll.dll+0x52651]


---------------  P R O C E S S  ---------------

Threads class SMR info:
_java_thread_list=0x000001305a3aff20, length=0, elements={
}

Java Threads: ( => current thread )

Other Threads:
  0x000001305c595800 GCTaskThread "GC Thread#0" [stack: 0x0000001958800000,0x0000001958900000] [id=8220]
  0x000001305c5c7800 ConcurrentGCThread "G1 Main Marker" [stack: 0x0000001958900000,0x0000001958a00000] [id=10616]
  0x000001305c5c9000 ConcurrentGCThread "G1 Conc#0" [stack: 0x0000001958a00000,0x0000001958b00000] [id=9084]

[error occurred during error reporting (printing all threads), id 0xc0000005, EXCEPTION_ACCESS_VIOLATION (0xc0000005) at pc=0x00007ffe4a0dc437]

VM state:not at safepoint (not fully initialized)

VM Mutex/Monitor currently owned by a thread:  ([mutex/lock_event])
[0x000001305c5779c0] Heap_lock - owner thread: 0x000001305c57a800

Heap address: 0x0000000081600000, size: 2026 MB, Compressed Oops mode: Non-zero based: 0x0000000081600000
Narrow klass base: 0x0000000000000000, Narrow klass shift: 0

GC Heap History (0 events):
No events

Deoptimization events (0 events):
No events

Classes redefined (0 events):
No events

Internal exceptions (0 events):
No events

Events (1 events):
Event: 0.011 Loaded shared library C:\Program Files\JetBrains\IntelliJ IDEA 2019.3\jbr\bin\zip.dll


Dynamic libraries:
0x00007ff6ba8a0000 - 0x00007ff6ba8aa000 	C:\Program Files\JetBrains\IntelliJ IDEA 2019.3\jbr\bin\java.exe
0x00007ffea5110000 - 0x00007ffea5305000 	C:\WINDOWS\SYSTEM32\ntdll.dll
0x00007ffea4ba0000 - 0x00007ffea4c5d000 	C:\WINDOWS\System32\KERNEL32.DLL
0x00007ffea2e70000 - 0x00007ffea3138000 	C:\WINDOWS\System32\KERNELBASE.dll
0x00007ffea2d70000 - 0x00007ffea2e70000 	C:\WINDOWS\System32\ucrtbase.dll
0x00007ffe9e4c0000 - 0x00007ffe9e4d9000 	C:\Program Files\JetBrains\IntelliJ IDEA 2019.3\jbr\bin\jli.dll
0x00007ffe9e4a0000 - 0x00007ffe9e4b7000 	C:\Program Files\JetBrains\IntelliJ IDEA 2019.3\jbr\bin\VCRUNTIME140.dll
0x00007ffea3340000 - 0x00007ffea34e0000 	C:\WINDOWS\System32\USER32.dll
0x00007ffea3140000 - 0x00007ffea3162000 	C:\WINDOWS\System32\win32u.dll
0x00007ffea49a0000 - 0x00007ffea49ca000 	C:\WINDOWS\System32\GDI32.dll
0x00007ffe92330000 - 0x00007ffe925ca000 	C:\WINDOWS\WinSxS\amd64_microsoft.windows.common-controls_6595b64144ccf1df_6.0.19041.844_none_ca00b6081b84eb1d\COMCTL32.dll
0x00007ffea2b40000 - 0x00007ffea2c4b000 	C:\WINDOWS\System32\gdi32full.dll
0x00007ffea35e0000 - 0x00007ffea367e000 	C:\WINDOWS\System32\msvcrt.dll
0x00007ffea2cd0000 - 0x00007ffea2d6d000 	C:\WINDOWS\System32\msvcp_win.dll
0x00007ffea4970000 - 0x00007ffea49a0000 	C:\WINDOWS\System32\IMM32.DLL
0x00007ffe969d0000 - 0x00007ffe96a6d000 	C:\Program Files\JetBrains\IntelliJ IDEA 2019.3\jbr\bin\msvcp140.dll
0x00007ffe49df0000 - 0x00007ffe4a93f000 	C:\Program Files\JetBrains\IntelliJ IDEA 2019.3\jbr\bin\server\jvm.dll
0x00007ffea3db0000 - 0x00007ffea3e5c000 	C:\WINDOWS\System32\ADVAPI32.dll
0x00007ffea3170000 - 0x00007ffea320b000 	C:\WINDOWS\System32\sechost.dll
0x00007ffea3c80000 - 0x00007ffea3dab000 	C:\WINDOWS\System32\RPCRT4.dll
0x00007ffea49d0000 - 0x00007ffea49d8000 	C:\WINDOWS\System32\PSAPI.DLL
0x00007ffe8f7b0000 - 0x00007ffe8f7b9000 	C:\WINDOWS\SYSTEM32\WSOCK32.dll
0x00007ffe9b490000 - 0x00007ffe9b49a000 	C:\WINDOWS\SYSTEM32\VERSION.dll
0x00007ffea34e0000 - 0x00007ffea354b000 	C:\WINDOWS\System32\WS2_32.dll
0x00007ffe9b230000 - 0x00007ffe9b257000 	C:\WINDOWS\SYSTEM32\WINMM.dll
0x00007ffea0790000 - 0x00007ffea07a2000 	C:\WINDOWS\SYSTEM32\kernel.appcore.dll
0x00007ffea01a0000 - 0x00007ffea01b1000 	C:\Program Files\JetBrains\IntelliJ IDEA 2019.3\jbr\bin\verify.dll
0x00007ffe93a60000 - 0x00007ffe93c44000 	C:\WINDOWS\SYSTEM32\DBGHELP.DLL
0x00007ffe93a30000 - 0x00007ffe93a5c000 	C:\WINDOWS\SYSTEM32\dbgcore.DLL
0x00007ffea2960000 - 0x00007ffea29e0000 	C:\WINDOWS\System32\bcryptPrimitives.dll
0x00007ffe8fed0000 - 0x00007ffe8fef9000 	C:\Program Files\JetBrains\IntelliJ IDEA 2019.3\jbr\bin\java.dll
0x00007ffe96a70000 - 0x00007ffe96a7b000 	C:\Program Files\JetBrains\IntelliJ IDEA 2019.3\jbr\bin\jimage.dll
0x00007ffe8feb0000 - 0x00007ffe8fec8000 	C:\Program Files\JetBrains\IntelliJ IDEA 2019.3\jbr\bin\zip.dll

dbghelp: loaded successfully - version: 4.0.5 - missing functions: none
symbol engine: initialized successfully - sym options: 0x614 - pdb path: .;C:\Program Files\JetBrains\IntelliJ IDEA 2019.3\jbr\bin;C:\WINDOWS\SYSTEM32;C:\WINDOWS\WinSxS\amd64_microsoft.windows.common-controls_6595b64144ccf1df_6.0.19041.844_none_ca00b6081b84eb1d;C:\Program Files\JetBrains\IntelliJ IDEA 2019.3\jbr\bin\server

VM Arguments:
java_command: org.jetbrains.git4idea.http.GitAskPassApp Username for 'https://github.com': 
java_class_path (initial): C:/Program Files/JetBrains/IntelliJ IDEA 2019.3/plugins/git4idea/lib/git4idea-rt.jar;C:/Program Files/JetBrains/IntelliJ IDEA 2019.3/lib/xmlrpc-2.0.1.jar;C:/Program Files/JetBrains/IntelliJ IDEA 2019.3/lib/commons-codec-1.15.jar
Launcher Type: SUN_STANDARD

[Global flags]
     intx CICompilerCount                          = 3                                         {product} {ergonomic}
     uint ConcGCThreads                            = 1                                         {product} {ergonomic}
     uint G1ConcRefinementThreads                  = 4                                         {product} {ergonomic}
   size_t G1HeapRegionSize                         = 1048576                                   {product} {ergonomic}
    uintx GCDrainStackTargetSize                   = 64                                        {product} {ergonomic}
   size_t InitialHeapSize                          = 134217728                                 {product} {ergonomic}
   size_t MarkStackSize                            = 4194304                                   {product} {ergonomic}
   size_t MaxHeapSize                              = 2124414976                                {product} {ergonomic}
   size_t MinHeapDeltaBytes                        = 1048576                                   {product} {ergonomic}
    uintx NonNMethodCodeHeapSize                   = 5830732                                {pd product} {ergonomic}
    uintx NonProfiledCodeHeapSize                  = 122913754                              {pd product} {ergonomic}
    uintx ProfiledCodeHeapSize                     = 122913754                              {pd product} {ergonomic}
    uintx ReservedCodeCacheSize                    = 251658240                              {pd product} {ergonomic}
     bool SegmentedCodeCache                       = true                                      {product} {ergonomic}
     bool UseCompressedClassPointers               = true                                 {lp64_product} {ergonomic}
     bool UseCompressedOops                        = true                                 {lp64_product} {ergonomic}
     bool UseG1GC                                  = true                                      {product} {ergonomic}
     bool UseLargePagesIndividualAllocation        = false                                  {pd product} {ergonomic}

Logging:
Log output configuration:
 #0: stdout all=warning uptime,level,tags
 #1: stderr all=off uptime,level,tags

Environment Variables:
JAVA_HOME=C:\Program Files\Java\jdk-11.0.9
CLASSPATH=.;C:\Program Files (x86)\QuickTime\QTSystem\QTJava.zip
PATH=C:\Program Files\Git\mingw64\libexec\git-core;C:\Program Files\Git\mingw64\libexec\git-core;C:\Program Files\Git\mingw64\bin;C:\Program Files\Git\usr\bin;C:\Users\Work\bin;C:\Program Files\Java\jdk-11.0.9\bin;C:\WINDOWS\system32;C:\WINDOWS;C:\WINDOWS\System32\Wbem;C:\WINDOWS\System32\WindowsPowerShell\v1.0;C:\WINDOWS\System32\OpenSSH;C:\Program Files (x86)\ATI Technologies\ATI.ACE\Core-Static;C:\Program Files\Git\cmd;C:\Program Files (x86)\QuickTime\QTSystem;C:\Program Files\MySQL\MySQL Shell 8.0\bin;C:\Users\Work\AppData\Local\Microsoft\WindowsApps;C:\Program Files\JetBrains\IntelliJ IDEA Community Edition 2019.3\bin;C:\Users\Work\AppData\Local\Programs\Microsoft VS Code\bin;C:\Users\Work\AppData\Local\GitHubDesktop\bin;C:\Users\Work\AppData\Local\Microsoft\WindowsApps;C:\Program Files\JetBrains\DataGrip 2020.3.2\bin
USERNAME=Work
DISPLAY=:0.0
LC_ALL=en_US.UTF-8
OS=Windows_NT
PROCESSOR_IDENTIFIER=Intel64 Family 6 Model 42 Stepping 7, GenuineIntel



---------------  S Y S T E M  ---------------

OS: Windows 10 , 64 bit Build 19041 (10.0.19041.928)
OS uptime: 0 days 3:03 hours

CPU:total 4 (initial active 4) (2 cores per cpu, 2 threads per core) family 6 model 42 stepping 7 microcode 0x2f, cmov, cx8, fxsr, mmx, sse, sse2, sse3, ssse3, sse4.1, sse4.2, popcnt, avx, aes, clmul, ht, tsc, tscinvbit

Memory: 4k page, system-wide physical 8103M (1153M free)
TotalPageFile size 8903M (AvailPageFile size 14M)
current process WorkingSet (physical memory assigned to process): 9M, peak: 9M
current process commit charge ("private bytes"): 51M, peak: 179M

vm_info: Dynamic Code Evolution 64-Bit Server VM (11.0.10+9-b1341.35) for windows-amd64 JRE (11.0.10+9-b1341.35), built on Mar 31 2021 02:11:12 by "" with MS VC++ 14.0 (VS2015)

END.
