#
# A fatal error has been detected by the Java Runtime Environment:
#
#  EXCEPTION_STACK_OVERFLOW (0xc00000fd) at pc=0x0000000068cc5087, pid=5188, tid=0x0000000000001bc0
#
# JRE version: Java(TM) SE Runtime Environment (8.0_231-b11) (build 1.8.0_231-b11)
# Java VM: Java HotSpot(TM) 64-Bit Server VM (25.231-b11 mixed mode windows-amd64 compressed oops)
# Problematic frame:
# V  [jvm.dll+0x215087]
#
# Failed to write core dump. Minidumps are not enabled by default on client versions of Windows
#
# If you would like to submit a bug report, please visit:
#   http://bugreport.java.com/bugreport/crash.jsp
#

---------------  T H R E A D  ---------------

Current thread (0x000000001c11a000):  JavaThread "Catalina-utility-2" [_thread_in_vm, id=7104, stack(0x000000001d9b0000,0x000000001dab0000)]

siginfo: ExceptionCode=0xc00000fd, ExceptionInformation=0x0000000000000001 0x000000001daaa910 

Registers:
RAX=0x000000001daaa910, RBX=0x0000000000000006, RCX=0x0000000000005000, RDX=0x0000000000000006
RSP=0x000000001daaf910, RBP=0x0000000000000000, RSI=0x000000001daaf910, RDI=0x0000000000000006
R8 =0x0000000000000006, R9 =0x000000001bfde910, R10=0x000000001765e2f0, R11=0x000000001d9ba148
R12=0x000000001bfde910, R13=0x000000001c11a000, R14=0x000000001daaf9d8, R15=0x000000001765e2f0
RIP=0x0000000068cc5087, EFLAGS=0x0000000000010202

Top of Stack: (sp=0x000000001daaf910)
0x000000001daaf910:   0000fff8eca061b4 0000000100006c48
0x000000001daaf920:   000000001c11a000 000000001bfde910
0x000000001daaf930:   00000000ffffffff 0000000068cc5fb7
0x000000001daaf940:   000000001daafa40 000000001765e2f0
0x000000001daaf950:   000000001c11a000 0000000068b71073
0x000000001daaf960:   000000001daaf9a0 000000001c11a000
0x000000001daaf970:   000000001daafa30 000000001c11a000
0x000000001daaf980:   000000001765e2f0 000000001c11a000
0x000000001daaf990:   0000000003483be0 000000001c11a000
0x000000001daaf9a0:   000000001765e2f0 000000001c11a000
0x000000001daaf9b0:   000000001765e2f0 000000001c11a000
0x000000001daaf9c0:   0000000000000001 000000001765e2f0
0x000000001daaf9d0:   000000001c11a000 00000000198bad00
0x000000001daaf9e0:   000000001c11a000 0000000068b727dd
0x000000001daaf9f0:   000000001daafcf8 0000000100006c48
0x000000001daafa00:   00000001004725c0 0000000000000000 

Instructions: (pc=0x0000000068cc5087)
0x0000000068cc5067:   48 89 6c 24 30 33 ed 66 90 e8 8b 5c 08 00 ff c3
0x0000000068cc5077:   48 63 c8 48 8b c6 48 0f af cf 48 ff c7 48 2b c1
0x0000000068cc5087:   89 28 48 63 c3 48 3b 05 15 b8 59 00 7e db 48 8b
0x0000000068cc5097:   6c 24 30 48 8b 5c 24 38 48 8b 74 24 40 48 83 c4 


Register to memory mapping:

RAX=0x000000001daaa910 is pointing into the stack for thread: 0x000000001c11a000
RBX=0x0000000000000006 is an unknown value
RCX=0x0000000000005000 is an unknown value
RDX=0x0000000000000006 is an unknown value
RSP=0x000000001daaf910 is pointing into the stack for thread: 0x000000001c11a000
RBP=0x0000000000000000 is an unknown value
RSI=0x000000001daaf910 is pointing into the stack for thread: 0x000000001c11a000
RDI=0x0000000000000006 is an unknown value
R8 =0x0000000000000006 is an unknown value
R9 =0x000000001bfde910 is an unknown value
R10={method} {0x000000001765e2f8} 'run' '()V' in 'java/lang/Thread'
R11=0x000000001d9ba148 is pointing into the stack for thread: 0x000000001c11a000
R12=0x000000001bfde910 is an unknown value
R13=0x000000001c11a000 is a thread
R14=0x000000001daaf9d8 is pointing into the stack for thread: 0x000000001c11a000
R15={method} {0x000000001765e2f8} 'run' '()V' in 'java/lang/Thread'


Stack: [0x000000001d9b0000,0x000000001dab0000],  sp=0x000000001daaf910,  free space=1022k
Native frames: (J=compiled Java code, j=interpreted, Vv=VM code, C=native code)


---------------  P R O C E S S  ---------------

Java Threads: ( => current thread )
  0x000000001c11c000 JavaThread "container-0" [_thread_blocked, id=10556, stack(0x000000001dab0000,0x000000001dbb0000)]
=>0x000000001c11a000 JavaThread "Catalina-utility-2" [_thread_in_vm, id=7104, stack(0x000000001d9b0000,0x000000001dab0000)]
  0x000000001c10b800 JavaThread "Catalina-utility-1" [_thread_blocked, id=9304, stack(0x000000001d8b0000,0x000000001d9b0000)]
  0x000000001bcb2000 JavaThread "HikariPool-1 connection adder" daemon [_thread_blocked, id=4040, stack(0x000000001d7b0000,0x000000001d8b0000)]
  0x000000001bcba800 JavaThread "HikariPool-1 housekeeper" daemon [_thread_blocked, id=7652, stack(0x000000001b8e0000,0x000000001b9e0000)]
  0x0000000019971000 JavaThread "RMI TCP Connection(3)-192.168.100.6" daemon [_thread_blocked, id=6620, stack(0x000000001adc0000,0x000000001aec0000)]
  0x0000000019956000 JavaThread "RMI Scheduler(0)" daemon [_thread_blocked, id=11548, stack(0x000000001b7e0000,0x000000001b8e0000)]
  0x0000000019699000 JavaThread "RMI TCP Connection(2)-192.168.100.6" daemon [_thread_in_native, id=9180, stack(0x000000001b4e0000,0x000000001b5e0000)]
  0x000000001a15e800 JavaThread "RMI TCP Accept-0" daemon [_thread_in_native, id=11304, stack(0x000000001aa70000,0x000000001ab70000)]
  0x0000000019a0a000 JavaThread "Service Thread" daemon [_thread_blocked, id=1152, stack(0x0000000019e30000,0x0000000019f30000)]
  0x00000000199ec000 JavaThread "C1 CompilerThread2" daemon [_thread_blocked, id=5360, stack(0x0000000019d30000,0x0000000019e30000)]
  0x0000000019995800 JavaThread "C2 CompilerThread1" daemon [_thread_blocked, id=2908, stack(0x0000000019c30000,0x0000000019d30000)]
  0x0000000019994800 JavaThread "C2 CompilerThread0" daemon [_thread_blocked, id=11596, stack(0x0000000019b30000,0x0000000019c30000)]
  0x0000000019994000 JavaThread "Monitor Ctrl-Break" daemon [_thread_in_native, id=11972, stack(0x0000000019a30000,0x0000000019b30000)]
  0x0000000017fde000 JavaThread "Attach Listener" daemon [_thread_blocked, id=9404, stack(0x0000000019530000,0x0000000019630000)]
  0x0000000017fdc800 JavaThread "Signal Dispatcher" daemon [_thread_blocked, id=6260, stack(0x0000000019430000,0x0000000019530000)]
  0x0000000003469000 JavaThread "Finalizer" daemon [_thread_blocked, id=5792, stack(0x0000000019220000,0x0000000019320000)]
  0x0000000003466000 JavaThread "Reference Handler" daemon [_thread_blocked, id=4712, stack(0x0000000019120000,0x0000000019220000)]
  0x0000000003376000 JavaThread "main" [_thread_blocked, id=4556, stack(0x00000000030d0000,0x00000000031d0000)]

Other Threads:
  0x0000000017f97800 VMThread [stack: 0x0000000019020000,0x0000000019120000] [id=5864]
  0x000000001a16c000 WatcherThread [stack: 0x000000001ab70000,0x000000001ac70000] [id=3512]

VM state:synchronizing (normal execution)

VM Mutex/Monitor currently owned by a thread:  ([mutex/lock_event])
[0x00000000033738c0] Threads_lock - owner thread: 0x0000000017f97800

heap address: 0x0000000081600000, size: 2026 MB, Compressed Oops mode: 32-bit
Narrow klass base: 0x0000000000000000, Narrow klass shift: 3
Compressed class space size: 1073741824 Address: 0x0000000100000000

Heap:
 PSYoungGen      total 131584K, used 70710K [0x00000000d5d00000, 0x00000000de800000, 0x0000000100000000)
  eden space 123904K, 52% used [0x00000000d5d00000,0x00000000d9bf2800,0x00000000dd600000)
  from space 7680K, 81% used [0x00000000de080000,0x00000000de69b3e0,0x00000000de800000)
  to   space 9216K, 0% used [0x00000000dd600000,0x00000000dd600000,0x00000000ddf00000)
 ParOldGen       total 47616K, used 6375K [0x0000000081600000, 0x0000000084480000, 0x00000000d5d00000)
  object space 47616K, 13% used [0x0000000081600000,0x0000000081c39f48,0x0000000084480000)
 Metaspace       used 32084K, capacity 34037K, committed 34432K, reserved 1079296K
  class space    used 4235K, capacity 4611K, committed 4736K, reserved 1048576K

Card table byte_map: [0x0000000012830000,0x0000000012c30000] byte_map_base: 0x0000000012425000

Marking Bits: (ParMarkBitMap*) 0x00000000692d6d90
 Begin Bits: [0x00000000132e0000, 0x0000000015288000)
 End Bits:   [0x0000000015288000, 0x0000000017230000)

Polling page: 0x0000000003050000

CodeCache: size=245760Kb used=6861Kb max_used=6861Kb free=238898Kb
 bounds [0x0000000003470000, 0x0000000003b30000, 0x0000000012470000]
 total_blobs=3819 nmethods=3356 adapters=375
 compilation: enabled

Compilation events (10 events):
Event: 14.461 Thread 0x00000000199ec000 3381       1       java.lang.invoke.LambdaForm$MH/1616974404::linkToTargetMethod (13 bytes)
Event: 14.461 Thread 0x00000000199ec000 nmethod 3381 0x0000000003b20550 code [0x0000000003b206c0, 0x0000000003b20838]
Event: 14.461 Thread 0x00000000199ec000 3382       1       org.springframework.boot.context.properties.bind.JavaBeanBinder$Bean::isCandidate (76 bytes)
Event: 14.462 Thread 0x00000000199ec000 nmethod 3382 0x0000000003b20910 code [0x0000000003b20a80, 0x0000000003b20ce8]
Event: 14.462 Thread 0x00000000199ec000 3383       1       org.springframework.core.convert.TypeDescriptor::equals (113 bytes)
Event: 14.466 Thread 0x00000000199ec000 nmethod 3383 0x0000000003b20dd0 code [0x0000000003b21180, 0x0000000003b22268]
Event: 14.466 Thread 0x00000000199ec000 3384       1       org.springframework.boot.context.properties.source.SpringIterableConfigurationPropertySource::isImmutablePropertySource (52 bytes)
Event: 14.466 Thread 0x00000000199ec000 nmethod 3384 0x0000000003b23450 code [0x0000000003b23600, 0x0000000003b239d8]
Event: 14.467 Thread 0x00000000199ec000 3385       1       org.springframework.beans.factory.support.RootBeanDefinition::<init> (91 bytes)
Event: 14.467 Thread 0x00000000199ec000 nmethod 3385 0x0000000003b23bd0 code [0x0000000003b23d40, 0x0000000003b23fe8]

GC Heap History (10 events):
Event: 8.119 GC heap before
{Heap before GC invocations=5 (full 0):
 PSYoungGen      total 38400K, used 38373K [0x00000000d5d00000, 0x00000000da800000, 0x0000000100000000)
  eden space 33280K, 100% used [0x00000000d5d00000,0x00000000d7d80000,0x00000000d7d80000)
  from space 5120K, 99% used [0x00000000d8280000,0x00000000d8779448,0x00000000d8780000)
  to   space 5120K, 0% used [0x00000000d7d80000,0x00000000d7d80000,0x00000000d8280000)
 ParOldGen       total 87552K, used 4327K [0x0000000081600000, 0x0000000086b80000, 0x00000000d5d00000)
  object space 87552K, 4% used [0x0000000081600000,0x0000000081a39d50,0x0000000086b80000)
 Metaspace       used 20072K, capacity 21088K, committed 21120K, reserved 1067008K
  class space    used 2669K, capacity 2936K, committed 2944K, reserved 1048576K
Event: 8.145 GC heap after
Heap after GC invocations=5 (full 0):
 PSYoungGen      total 38400K, used 5118K [0x00000000d5d00000, 0x00000000db100000, 0x0000000100000000)
  eden space 33280K, 0% used [0x00000000d5d00000,0x00000000d5d00000,0x00000000d7d80000)
  from space 5120K, 99% used [0x00000000d7d80000,0x00000000d827fae0,0x00000000d8280000)
  to   space 9728K, 0% used [0x00000000da780000,0x00000000da780000,0x00000000db100000)
 ParOldGen       total 87552K, used 7431K [0x0000000081600000, 0x0000000086b80000, 0x00000000d5d00000)
  object space 87552K, 8% used [0x0000000081600000,0x0000000081d41e50,0x0000000086b80000)
 Metaspace       used 20072K, capacity 21088K, committed 21120K, reserved 1067008K
  class space    used 2669K, capacity 2936K, committed 2944K, reserved 1048576K
}
Event: 8.258 GC heap before
{Heap before GC invocations=6 (full 0):
 PSYoungGen      total 38400K, used 10468K [0x00000000d5d00000, 0x00000000db100000, 0x0000000100000000)
  eden space 33280K, 16% used [0x00000000d5d00000,0x00000000d6239538,0x00000000d7d80000)
  from space 5120K, 99% used [0x00000000d7d80000,0x00000000d827fae0,0x00000000d8280000)
  to   space 9728K, 0% used [0x00000000da780000,0x00000000da780000,0x00000000db100000)
 ParOldGen       total 87552K, used 7431K [0x0000000081600000, 0x0000000086b80000, 0x00000000d5d00000)
  object space 87552K, 8% used [0x0000000081600000,0x0000000081d41e50,0x0000000086b80000)
 Metaspace       used 20137K, capacity 21177K, committed 21296K, reserved 1067008K
  class space    used 2684K, capacity 2944K, committed 2944K, reserved 1048576K
Event: 8.288 GC heap after
Heap after GC invocations=6 (full 0):
 PSYoungGen      total 75264K, used 5582K [0x00000000d5d00000, 0x00000000db000000, 0x0000000100000000)
  eden space 66560K, 0% used [0x00000000d5d00000,0x00000000d5d00000,0x00000000d9e00000)
  from space 8704K, 64% used [0x00000000da780000,0x00000000dacf3ab0,0x00000000db000000)
  to   space 9216K, 0% used [0x00000000d9e00000,0x00000000d9e00000,0x00000000da700000)
 ParOldGen       total 87552K, used 7439K [0x0000000081600000, 0x0000000086b80000, 0x00000000d5d00000)
  object space 87552K, 8% used [0x0000000081600000,0x0000000081d43e50,0x0000000086b80000)
 Metaspace       used 20137K, capacity 21177K, committed 21296K, reserved 1067008K
  class space    used 2684K, capacity 2944K, committed 2944K, reserved 1048576K
}
Event: 8.288 GC heap before
{Heap before GC invocations=7 (full 1):
 PSYoungGen      total 75264K, used 5582K [0x00000000d5d00000, 0x00000000db000000, 0x0000000100000000)
  eden space 66560K, 0% used [0x00000000d5d00000,0x00000000d5d00000,0x00000000d9e00000)
  from space 8704K, 64% used [0x00000000da780000,0x00000000dacf3ab0,0x00000000db000000)
  to   space 9216K, 0% used [0x00000000d9e00000,0x00000000d9e00000,0x00000000da700000)
 ParOldGen       total 87552K, used 7439K [0x0000000081600000, 0x0000000086b80000, 0x00000000d5d00000)
  object space 87552K, 8% used [0x0000000081600000,0x0000000081d43e50,0x0000000086b80000)
 Metaspace       used 20137K, capacity 21177K, committed 21296K, reserved 1067008K
  class space    used 2684K, capacity 2944K, committed 2944K, reserved 1048576K
Event: 8.349 GC heap after
Heap after GC invocations=7 (full 1):
 PSYoungGen      total 75264K, used 0K [0x00000000d5d00000, 0x00000000db000000, 0x0000000100000000)
  eden space 66560K, 0% used [0x00000000d5d00000,0x00000000d5d00000,0x00000000d9e00000)
  from space 8704K, 0% used [0x00000000da780000,0x00000000da780000,0x00000000db000000)
  to   space 9216K, 0% used [0x00000000d9e00000,0x00000000d9e00000,0x00000000da700000)
 ParOldGen       total 47616K, used 6359K [0x0000000081600000, 0x0000000084480000, 0x00000000d5d00000)
  object space 47616K, 13% used [0x0000000081600000,0x0000000081c35f48,0x0000000084480000)
 Metaspace       used 20137K, capacity 21177K, committed 21296K, reserved 1067008K
  class space    used 2684K, capacity 2944K, committed 2944K, reserved 1048576K
}
Event: 11.480 GC heap before
{Heap before GC invocations=8 (full 1):
 PSYoungGen      total 75264K, used 66560K [0x00000000d5d00000, 0x00000000db000000, 0x0000000100000000)
  eden space 66560K, 100% used [0x00000000d5d00000,0x00000000d9e00000,0x00000000d9e00000)
  from space 8704K, 0% used [0x00000000da780000,0x00000000da780000,0x00000000db000000)
  to   space 9216K, 0% used [0x00000000d9e00000,0x00000000d9e00000,0x00000000da700000)
 ParOldGen       total 47616K, used 6359K [0x0000000081600000, 0x0000000084480000, 0x00000000d5d00000)
  object space 47616K, 13% used [0x0000000081600000,0x0000000081c35f48,0x0000000084480000)
 Metaspace       used 24863K, capacity 26663K, committed 26880K, reserved 1073152K
  class space    used 3458K, capacity 3810K, committed 3840K, reserved 1048576K
Event: 11.505 GC heap after
Heap after GC invocations=8 (full 1):
 PSYoungGen      total 75776K, used 7355K [0x00000000d5d00000, 0x00000000de980000, 0x0000000100000000)
  eden space 66560K, 0% used [0x00000000d5d00000,0x00000000d5d00000,0x00000000d9e00000)
  from space 9216K, 79% used [0x00000000d9e00000,0x00000000da52edc0,0x00000000da700000)
  to   space 9216K, 0% used [0x00000000de080000,0x00000000de080000,0x00000000de980000)
 ParOldGen       total 47616K, used 6367K [0x0000000081600000, 0x0000000084480000, 0x00000000d5d00000)
  object space 47616K, 13% used [0x0000000081600000,0x0000000081c37f48,0x0000000084480000)
 Metaspace       used 24863K, capacity 26663K, committed 26880K, reserved 1073152K
  class space    used 3458K, capacity 3810K, committed 3840K, reserved 1048576K
}
Event: 12.510 GC heap before
{Heap before GC invocations=9 (full 1):
 PSYoungGen      total 75776K, used 73915K [0x00000000d5d00000, 0x00000000de980000, 0x0000000100000000)
  eden space 66560K, 100% used [0x00000000d5d00000,0x00000000d9e00000,0x00000000d9e00000)
  from space 9216K, 79% used [0x00000000d9e00000,0x00000000da52edc0,0x00000000da700000)
  to   space 9216K, 0% used [0x00000000de080000,0x00000000de080000,0x00000000de980000)
 ParOldGen       total 47616K, used 6367K [0x0000000081600000, 0x0000000084480000, 0x00000000d5d00000)
  object space 47616K, 13% used [0x0000000081600000,0x0000000081c37f48,0x0000000084480000)
 Metaspace       used 27037K, capacity 28885K, committed 29184K, reserved 1075200K
  class space    used 3690K, capacity 4049K, committed 4096K, reserved 1048576K
Event: 12.530 GC heap after
Heap after GC invocations=9 (full 1):
 PSYoungGen      total 131584K, used 6252K [0x00000000d5d00000, 0x00000000de800000, 0x0000000100000000)
  eden space 123904K, 0% used [0x00000000d5d00000,0x00000000d5d00000,0x00000000dd600000)
  from space 7680K, 81% used [0x00000000de080000,0x00000000de69b3e0,0x00000000de800000)
  to   space 9216K, 0% used [0x00000000dd600000,0x00000000dd600000,0x00000000ddf00000)
 ParOldGen       total 47616K, used 6375K [0x0000000081600000, 0x0000000084480000, 0x00000000d5d00000)
  object space 47616K, 13% used [0x0000000081600000,0x0000000081c39f48,0x0000000084480000)
 Metaspace       used 27037K, capacity 28885K, committed 29184K, reserved 1075200K
  class space    used 3690K, capacity 4049K, committed 4096K, reserved 1048576K
}

Deoptimization events (0 events):
No events

Classes redefined (0 events):
No events

Internal exceptions (10 events):
Event: 14.369 Thread 0x0000000003376000 Exception <a 'java/lang/ArrayIndexOutOfBoundsException'> (0x00000000d97c8dc0) thrown at [C:\re\workspace\8-2-build-windows-amd64-cygwin\jdk8u231\13620\hotspot\src\share\vm\runtime\sharedRuntime.cpp, line 605]
Event: 14.371 Thread 0x0000000003376000 Exception <a 'java/lang/ArrayIndexOutOfBoundsException'> (0x00000000d97d1d90) thrown at [C:\re\workspace\8-2-build-windows-amd64-cygwin\jdk8u231\13620\hotspot\src\share\vm\runtime\sharedRuntime.cpp, line 605]
Event: 14.441 Thread 0x0000000003376000 Exception <a 'java/lang/ArrayIndexOutOfBoundsException'> (0x00000000d9aa7690) thrown at [C:\re\workspace\8-2-build-windows-amd64-cygwin\jdk8u231\13620\hotspot\src\share\vm\runtime\sharedRuntime.cpp, line 605]
Event: 14.446 Thread 0x0000000003376000 Exception <a 'java/lang/ArrayIndexOutOfBoundsException'> (0x00000000d9ab16f0) thrown at [C:\re\workspace\8-2-build-windows-amd64-cygwin\jdk8u231\13620\hotspot\src\share\vm\runtime\sharedRuntime.cpp, line 605]
Event: 14.446 Thread 0x0000000003376000 Exception <a 'java/lang/ArrayIndexOutOfBoundsException'> (0x00000000d9ab3e00) thrown at [C:\re\workspace\8-2-build-windows-amd64-cygwin\jdk8u231\13620\hotspot\src\share\vm\runtime\sharedRuntime.cpp, line 605]
Event: 14.448 Thread 0x0000000003376000 Exception <a 'java/lang/ArrayIndexOutOfBoundsException'> (0x00000000d9ac5110) thrown at [C:\re\workspace\8-2-build-windows-amd64-cygwin\jdk8u231\13620\hotspot\src\share\vm\runtime\sharedRuntime.cpp, line 605]
Event: 14.453 Thread 0x0000000003376000 Exception <a 'java/lang/ArrayIndexOutOfBoundsException'> (0x00000000d9af37c0) thrown at [C:\re\workspace\8-2-build-windows-amd64-cygwin\jdk8u231\13620\hotspot\src\share\vm\runtime\sharedRuntime.cpp, line 605]
Event: 14.454 Thread 0x0000000003376000 Exception <a 'java/lang/ArrayIndexOutOfBoundsException'> (0x00000000d9b00c90) thrown at [C:\re\workspace\8-2-build-windows-amd64-cygwin\jdk8u231\13620\hotspot\src\share\vm\runtime\sharedRuntime.cpp, line 605]
Event: 14.470 Thread 0x0000000003376000 Exception <a 'java/lang/ArrayIndexOutOfBoundsException'> (0x00000000d9b68e70) thrown at [C:\re\workspace\8-2-build-windows-amd64-cygwin\jdk8u231\13620\hotspot\src\share\vm\runtime\sharedRuntime.cpp, line 605]
Event: 14.470 Thread 0x0000000003376000 Exception <a 'java/lang/ArrayIndexOutOfBoundsException'> (0x00000000d9b6a838) thrown at [C:\re\workspace\8-2-build-windows-amd64-cygwin\jdk8u231\13620\hotspot\src\share\vm\runtime\sharedRuntime.cpp, line 605]

Events (10 events):
Event: 14.449 loading class org/springframework/boot/jdbc/SchemaManagementProvider done
Event: 14.464 loading class org/springframework/boot/autoconfigure/orm/jpa/HibernateDefaultDdlAutoProvider
Event: 14.464 loading class org/springframework/boot/autoconfigure/orm/jpa/HibernateDefaultDdlAutoProvider done
Event: 14.465 loading class org/springframework/boot/jdbc/metadata/CompositeDataSourcePoolMetadataProvider
Event: 14.465 loading class org/springframework/boot/jdbc/metadata/CompositeDataSourcePoolMetadataProvider done
Event: 14.468 loading class org/springframework/boot/jdbc/metadata/DataSourcePoolMetadataProvider
Event: 14.468 loading class org/springframework/boot/jdbc/metadata/DataSourcePoolMetadataProvider done
Event: 14.468 loading class java/lang/invoke/LambdaForm$Hidden
Event: 14.468 loading class java/lang/invoke/LambdaForm$Hidden done
Event: 14.470 Executing VM operation: RevokeBias


Dynamic libraries:
0x00007ff60e500000 - 0x00007ff60e537000 	C:\Program Files\Java\jdk1.8.0_231\bin\java.exe
0x00007ff8ffb10000 - 0x00007ff8ffd05000 	C:\WINDOWS\SYSTEM32\ntdll.dll
0x00007ff8fe970000 - 0x00007ff8fea2d000 	C:\WINDOWS\System32\KERNEL32.DLL
0x00007ff8fd510000 - 0x00007ff8fd7d8000 	C:\WINDOWS\System32\KERNELBASE.dll
0x00007ff8feca0000 - 0x00007ff8fed4c000 	C:\WINDOWS\System32\ADVAPI32.dll
0x00007ff8ff7b0000 - 0x00007ff8ff84e000 	C:\WINDOWS\System32\msvcrt.dll
0x00007ff8fdc00000 - 0x00007ff8fdc9b000 	C:\WINDOWS\System32\sechost.dll
0x00007ff8fee50000 - 0x00007ff8fef7b000 	C:\WINDOWS\System32\RPCRT4.dll
0x00007ff8fe690000 - 0x00007ff8fe830000 	C:\WINDOWS\System32\USER32.dll
0x00007ff8fd400000 - 0x00007ff8fd422000 	C:\WINDOWS\System32\win32u.dll
0x00007ff8fed50000 - 0x00007ff8fed7a000 	C:\WINDOWS\System32\GDI32.dll
0x00007ff8fd2f0000 - 0x00007ff8fd3fb000 	C:\WINDOWS\System32\gdi32full.dll
0x00007ff8fd250000 - 0x00007ff8fd2ed000 	C:\WINDOWS\System32\msvcp_win.dll
0x00007ff8fd7e0000 - 0x00007ff8fd8e0000 	C:\WINDOWS\System32\ucrtbase.dll
0x00007ff8da080000 - 0x00007ff8da31a000 	C:\WINDOWS\WinSxS\amd64_microsoft.windows.common-controls_6595b64144ccf1df_6.0.19041.844_none_ca00b6081b84eb1d\COMCTL32.dll
0x00007ff8fdbd0000 - 0x00007ff8fdc00000 	C:\WINDOWS\System32\IMM32.DLL
0x0000000069360000 - 0x0000000069432000 	C:\Program Files\Java\jdk1.8.0_231\jre\bin\msvcr100.dll
0x0000000068ab0000 - 0x0000000069356000 	C:\Program Files\Java\jdk1.8.0_231\jre\bin\server\jvm.dll
0x00007ff8ff850000 - 0x00007ff8ff858000 	C:\WINDOWS\System32\PSAPI.DLL
0x00007ff8e9b30000 - 0x00007ff8e9b39000 	C:\WINDOWS\SYSTEM32\WSOCK32.dll
0x00007ff8fea30000 - 0x00007ff8fea9b000 	C:\WINDOWS\System32\WS2_32.dll
0x00007ff8f29d0000 - 0x00007ff8f29f7000 	C:\WINDOWS\SYSTEM32\WINMM.dll
0x00007ff8f2a00000 - 0x00007ff8f2a0a000 	C:\WINDOWS\SYSTEM32\VERSION.dll
0x00007ff8f3b60000 - 0x00007ff8f3b6f000 	C:\Program Files\Java\jdk1.8.0_231\jre\bin\verify.dll
0x00007ff8eaad0000 - 0x00007ff8eaaf9000 	C:\Program Files\Java\jdk1.8.0_231\jre\bin\java.dll
0x00007ff8f6d70000 - 0x00007ff8f6d93000 	C:\Program Files\Java\jdk1.8.0_231\jre\bin\instrument.dll
0x00007ff8ea710000 - 0x00007ff8ea726000 	C:\Program Files\Java\jdk1.8.0_231\jre\bin\zip.dll
0x00007ff8fef80000 - 0x00007ff8ff6c2000 	C:\WINDOWS\System32\SHELL32.dll
0x00007ff8fb3a0000 - 0x00007ff8fbb30000 	C:\WINDOWS\SYSTEM32\windows.storage.dll
0x00007ff8fdca0000 - 0x00007ff8fdff5000 	C:\WINDOWS\System32\combase.dll
0x00007ff8fccc0000 - 0x00007ff8fccec000 	C:\WINDOWS\SYSTEM32\Wldp.dll
0x00007ff8ffa20000 - 0x00007ff8fface000 	C:\WINDOWS\System32\SHCORE.dll
0x00007ff8fed80000 - 0x00007ff8fedd5000 	C:\WINDOWS\System32\shlwapi.dll
0x00007ff8fd190000 - 0x00007ff8fd1af000 	C:\WINDOWS\SYSTEM32\profapi.dll
0x00007ff8f6d50000 - 0x00007ff8f6d6a000 	C:\Program Files\JetBrains\IntelliJ IDEA 2019.3\bin\breakgen64.dll
0x00007ff8ea6d0000 - 0x00007ff8ea6ea000 	C:\Program Files\Java\jdk1.8.0_231\jre\bin\net.dll
0x00007ff8fca30000 - 0x00007ff8fca9a000 	C:\WINDOWS\system32\mswsock.dll
0x00007ff8fc710000 - 0x00007ff8fc7dc000 	C:\WINDOWS\SYSTEM32\DNSAPI.dll
0x00007ff8fc6d0000 - 0x00007ff8fc70b000 	C:\WINDOWS\SYSTEM32\IPHLPAPI.DLL
0x00007ff8ff860000 - 0x00007ff8ff868000 	C:\WINDOWS\System32\NSI.dll
0x00000000698c0000 - 0x00000000698f5000 	C:\Program Files\Bonjour\mdnsNSP.dll
0x00007ff8ea040000 - 0x00007ff8ea04a000 	C:\Windows\System32\rasadhlp.dll
0x00007ff8eb4e0000 - 0x00007ff8eb55f000 	C:\WINDOWS\System32\fwpuclnt.dll
0x00007ff8fd8e0000 - 0x00007ff8fd907000 	C:\WINDOWS\System32\bcrypt.dll
0x00007ff8f0070000 - 0x00007ff8f007d000 	C:\Program Files\Java\jdk1.8.0_231\jre\bin\management.dll
0x00007ff8ea290000 - 0x00007ff8ea2a2000 	C:\Program Files\Java\jdk1.8.0_231\jre\bin\nio.dll
0x00007ff8fcc00000 - 0x00007ff8fcc18000 	C:\WINDOWS\SYSTEM32\CRYPTSP.dll
0x00007ff8fc360000 - 0x00007ff8fc394000 	C:\WINDOWS\system32\rsaenh.dll
0x00007ff8fd150000 - 0x00007ff8fd17e000 	C:\WINDOWS\SYSTEM32\USERENV.dll
0x00007ff8fd430000 - 0x00007ff8fd4b0000 	C:\WINDOWS\System32\bcryptprimitives.dll
0x00007ff8fcc20000 - 0x00007ff8fcc2c000 	C:\WINDOWS\SYSTEM32\CRYPTBASE.dll
0x00007ff8ef3a0000 - 0x00007ff8ef3b7000 	C:\WINDOWS\SYSTEM32\dhcpcsvc6.DLL
0x00007ff8ef830000 - 0x00007ff8ef84d000 	C:\WINDOWS\SYSTEM32\dhcpcsvc.DLL
0x00007ff8dc880000 - 0x00007ff8dc897000 	C:\WINDOWS\system32\napinsp.dll
0x00007ff8dc860000 - 0x00007ff8dc87b000 	C:\WINDOWS\system32\pnrpnsp.dll
0x00007ff8f8610000 - 0x00007ff8f8625000 	C:\WINDOWS\system32\wshbth.dll
0x00007ff8f8ca0000 - 0x00007ff8f8cbd000 	C:\WINDOWS\system32\NLAapi.dll
0x00007ff8dc7f0000 - 0x00007ff8dc802000 	C:\WINDOWS\System32\winrnr.dll

VM Arguments:
jvm_args: -XX:TieredStopAtLevel=1 -Xverify:none -Dspring.output.ansi.enabled=always -javaagent:C:\Program Files\JetBrains\IntelliJ IDEA 2019.3\lib\idea_rt.jar=56332:C:\Program Files\JetBrains\IntelliJ IDEA 2019.3\bin -Dcom.sun.management.jmxremote -Dspring.jmx.enabled=true -Dspring.liveBeansView.mbeanDomain -Dspring.application.admin.enabled=true -Dfile.encoding=UTF-8 
java_command: com.example.demo.DemoApplication
java_class_path (initial): C:\Program Files\Java\jdk1.8.0_231\jre\lib\charsets.jar;C:\Program Files\Java\jdk1.8.0_231\jre\lib\deploy.jar;C:\Program Files\Java\jdk1.8.0_231\jre\lib\ext\access-bridge-64.jar;C:\Program Files\Java\jdk1.8.0_231\jre\lib\ext\cldrdata.jar;C:\Program Files\Java\jdk1.8.0_231\jre\lib\ext\dnsns.jar;C:\Program Files\Java\jdk1.8.0_231\jre\lib\ext\jaccess.jar;C:\Program Files\Java\jdk1.8.0_231\jre\lib\ext\jfxrt.jar;C:\Program Files\Java\jdk1.8.0_231\jre\lib\ext\localedata.jar;C:\Program Files\Java\jdk1.8.0_231\jre\lib\ext\nashorn.jar;C:\Program Files\Java\jdk1.8.0_231\jre\lib\ext\sunec.jar;C:\Program Files\Java\jdk1.8.0_231\jre\lib\ext\sunjce_provider.jar;C:\Program Files\Java\jdk1.8.0_231\jre\lib\ext\sunmscapi.jar;C:\Program Files\Java\jdk1.8.0_231\jre\lib\ext\sunpkcs11.jar;C:\Program Files\Java\jdk1.8.0_231\jre\lib\ext\zipfs.jar;C:\Program Files\Java\jdk1.8.0_231\jre\lib\javaws.jar;C:\Program Files\Java\jdk1.8.0_231\jre\lib\jce.jar;C:\Program Files\Java\jdk1.8.0_231\jre\lib\jfr.jar;C:\Program Files\Java\jdk1.8.0_231\jre\lib\jfxswt.jar;C:\Program Files\Java\jdk1.8.0_231\jre\lib\jsse.jar;C:\Program Files\Java\jdk1.8.0_231\jre\lib\management-agent.jar;C:\Program Files\Java\jdk1.8.0_231\jre\lib\plugin.jar;C:\Program Files\Java\jdk1.8.0_231\jre\lib\resources.jar;C:\Program Files\Java\jdk1.8.0_231\jre\lib\rt.jar;C:\Users\Work\IdeaProjects\demo\target\classes;C:\Users\Work\.m2\repository\org\apache\tomcat\embed\tomcat-embed-jasper\9.0.45\tomcat-embed-jasper-9.0.45.jar;C:\Users\Work\.m2\repository\org\apache\tomcat\embed\tomcat-embed-core\9.0.45\tomcat-embed-core-9.0.45.jar;C:\Users\Work\.m2\repository\org\apache\tomcat\tomcat-annotations-api\9.0.45\tomcat-annotations-api-9.0.45.jar;C:\Users\Work\.m2\repository\org\apache\tomcat\embed\tomcat-embed-el\9.0.45\tomcat-embed-el-9.0.45.jar;C:\Users\Work\.m2\repository\org\eclipse\jdt\ecj\3.18.0\ecj-3.18.0.jar;C:\Users\Work\.m2\repository\javax\servlet\jstl\1.2\jstl-1.2.jar;C:\Users\Work\.m2\repository\org\s
Launcher Type: SUN_STANDARD

Environment Variables:
JAVA_HOME=C:\Program Files\Java\jdk-11.0.9
CLASSPATH=.;C:\Program Files (x86)\QuickTime\QTSystem\QTJava.zip
PATH=C:\Program Files\Java\jdk-11.0.9\bin;C:\WINDOWS\system32;C:\WINDOWS;C:\WINDOWS\System32\Wbem;C:\WINDOWS\System32\WindowsPowerShell\v1.0\;C:\WINDOWS\System32\OpenSSH\;C:\Program Files (x86)\ATI Technologies\ATI.ACE\Core-Static;C:\Program Files\Git\cmd;C:\Program Files (x86)\QuickTime\QTSystem\;C:\Program Files\MySQL\MySQL Shell 8.0\bin\;C:\Users\Work\AppData\Local\Microsoft\WindowsApps;C:\Program Files\JetBrains\IntelliJ IDEA Community Edition 2019.3\bin;C:\Users\Work\AppData\Local\Programs\Microsoft VS Code\bin;C:\Users\Work\AppData\Local\GitHubDesktop\bin;C:\Users\Work\AppData\Local\Microsoft\WindowsApps;;C:\Program Files\JetBrains\DataGrip 2020.3.2\bin;
USERNAME=Work
OS=Windows_NT
PROCESSOR_IDENTIFIER=Intel64 Family 6 Model 42 Stepping 7, GenuineIntel



---------------  S Y S T E M  ---------------

OS: Windows 10.0 , 64 bit Build 19041 (10.0.19041.928)

CPU:total 4 (initial active 4) (2 cores per cpu, 2 threads per core) family 6 model 42 stepping 7, cmov, cx8, fxsr, mmx, sse, sse2, sse3, ssse3, sse4.1, sse4.2, popcnt, avx, aes, clmul, ht, tsc, tscinvbit

Memory: 4k page, physical 8297608k(1038832k free), swap 9116808k(7792k free)

vm_info: Java HotSpot(TM) 64-Bit Server VM (25.231-b11) for windows-amd64 JRE (1.8.0_231-b11), built on Oct  5 2019 03:11:30 by "java_re" with MS VC++ 10.0 (VS2010)

time: Mon May 17 06:41:58 2021
timezone: RTZ 2 (зима)
elapsed time: 14 seconds (0d 0h 0m 14s)

